{
  "RSpec": {
    "coverage": {
      "/Users/avi/Development/code/ActivePrompt-swarm/active_prompt/lib/active_prompt/version.rb": {
        "lines": [
          1,
          1,
          null
        ],
        "branches": {}
      },
      "/Users/avi/Development/code/ActivePrompt-swarm/active_prompt/lib/active_prompt.rb": {
        "lines": [
          1,
          1,
          null,
          1,
          1,
          null,
          null,
          null,
          null,
          1,
          10,
          null,
          null,
          8,
          null,
          null,
          null,
          null,
          null,
          null,
          null,
          1,
          null,
          1,
          16,
          null,
          12,
          12,
          13,
          null,
          null,
          null,
          null
        ],
        "branches": {
          "[:if, 0, 25, 6, 25, 52]": {
            "[:then, 1, 25, 6, 25, 17]": 4,
            "[:else, 2, 25, 6, 25, 52]": 12
          }
        }
      },
      "/Users/avi/Development/code/ActivePrompt-swarm/active_prompt/lib/active_prompt/engine.rb": {
        "lines": [
          1,
          1,
          1,
          null,
          1,
          1,
          1,
          1,
          null,
          null,
          null,
          null,
          1,
          1,
          0,
          0,
          null,
          null,
          null,
          null,
          null
        ],
        "branches": {
          "[:unless, 0, 14, 6, 18, 9]": {
            "[:else, 1, 14, 6, 18, 9]": 1,
            "[:then, 2, 15, 8, 17, 11]": 0
          }
        }
      },
      "/Users/avi/Development/code/ActivePrompt-swarm/active_prompt/app/models/active_prompt/prompt.rb": {
        "lines": [
          1,
          1,
          1,
          null,
          588,
          null,
          null,
          338,
          null,
          null,
          null,
          1,
          null,
          1,
          1,
          null,
          1,
          null,
          1,
          null,
          null,
          null,
          null,
          null,
          11,
          15,
          null,
          1,
          1,
          1,
          null,
          1,
          null,
          1,
          7,
          null,
          null,
          1,
          3,
          null,
          null,
          1,
          2,
          1,
          null,
          null,
          1,
          3,
          null,
          null,
          1,
          null,
          5,
          null,
          null,
          null,
          1,
          267,
          267,
          null,
          null,
          1,
          0,
          0,
          null,
          null,
          0,
          0,
          0,
          0,
          null,
          0,
          null,
          null,
          null,
          null,
          null,
          null,
          null,
          0,
          0,
          null,
          0,
          null,
          null,
          1,
          0,
          null,
          null,
          0,
          0,
          null,
          null,
          0,
          0,
          0,
          0,
          null,
          null,
          null,
          0,
          null,
          null,
          null,
          null,
          null,
          null,
          null,
          null,
          1,
          0,
          null,
          0,
          0,
          0,
          0,
          null,
          null,
          null,
          0,
          null,
          null,
          null,
          null,
          1,
          null,
          1,
          146,
          null,
          null,
          null,
          null,
          null,
          null,
          null,
          null,
          null,
          null,
          1,
          null,
          134,
          null,
          131,
          null,
          null,
          null,
          null,
          null,
          null,
          131,
          null,
          null,
          null,
          1,
          280,
          null,
          null,
          267,
          267,
          0,
          null,
          null,
          null,
          null
        ],
        "branches": {
          "[:if, 0, 81, 6, 81, 75]": {
            "[:then, 1, 81, 6, 81, 54]": 0,
            "[:else, 2, 81, 6, 81, 75]": 0
          },
          "[:unless, 3, 91, 6, 91, 80]": {
            "[:else, 4, 91, 6, 91, 80]": 0,
            "[:then, 5, 91, 6, 91, 54]": 0
          },
          "[:unless, 6, 141, 6, 141, 68]": {
            "[:else, 7, 141, 6, 141, 68]": 131,
            "[:then, 8, 141, 6, 141, 12]": 3
          },
          "[:unless, 9, 155, 6, 155, 36]": {
            "[:else, 10, 155, 6, 155, 36]": 267,
            "[:then, 11, 155, 6, 155, 12]": 13
          },
          "[:unless, 12, 160, 8, 160, 76]": {
            "[:else, 13, 160, 8, 160, 76]": 0,
            "[:then, 14, 160, 8, 160, 34]": 0
          }
        }
      },
      "/Users/avi/Development/code/ActivePrompt-swarm/active_prompt/app/models/active_prompt/application_record.rb": {
        "lines": [
          1,
          1,
          1,
          null,
          null
        ],
        "branches": {}
      },
      "/Users/avi/Development/code/ActivePrompt-swarm/active_prompt/app/models/active_prompt/prompt_version.rb": {
        "lines": [
          1,
          1,
          1,
          null,
          1,
          null,
          1,
          null,
          null,
          1,
          null,
          1,
          1,
          null,
          8,
          2,
          null,
          1,
          null,
          3,
          null,
          null,
          3,
          null,
          3,
          null,
          3,
          null,
          null,
          0,
          null,
          null,
          null,
          null,
          null,
          null,
          null,
          1,
          null,
          4,
          null,
          null,
          null,
          null,
          null,
          null,
          null,
          null,
          1,
          null,
          1,
          289,
          282,
          null,
          280,
          280,
          null,
          null,
          1,
          6,
          6,
          null,
          6,
          5,
          5,
          null,
          null,
          null,
          null
        ],
        "branches": {
          "[:if, 0, 25, 6, 35, 9]": {
            "[:then, 1, 27, 8, 27, 100]": 3,
            "[:else, 2, 30, 8, 34, 9]": 0
          },
          "[:if, 3, 52, 6, 52, 39]": {
            "[:then, 4, 52, 6, 52, 12]": 7,
            "[:else, 5, 52, 6, 52, 39]": 282
          },
          "[:unless, 6, 53, 6, 53, 26]": {
            "[:else, 7, 53, 6, 53, 26]": 280,
            "[:then, 8, 53, 6, 53, 12]": 2
          },
          "[:if, 9, 63, 6, 67, 9]": {
            "[:then, 10, 64, 8, 66, 11]": 5,
            "[:else, 11, 63, 6, 67, 9]": 1
          }
        }
      },
      "/Users/avi/Development/code/ActivePrompt-swarm/active_prompt/app/services/active_prompt/variable_detector.rb": {
        "lines": [
          1,
          1,
          null,
          null,
          1,
          null,
          1,
          null,
          1,
          171,
          null,
          null,
          null,
          1,
          279,
          null,
          279,
          142,
          142,
          null,
          null,
          null,
          null,
          null,
          null,
          null,
          null,
          null,
          336,
          null,
          null,
          null,
          1,
          402,
          null,
          null,
          null,
          1,
          2,
          null,
          null,
          null,
          1,
          1,
          null,
          null,
          null,
          1,
          4,
          null,
          4,
          null,
          6,
          6,
          null,
          null,
          4,
          null,
          null,
          null,
          1,
          4,
          4,
          null,
          4,
          8,
          3,
          null,
          null,
          null,
          null,
          4,
          null,
          null,
          null,
          null,
          1,
          null,
          null,
          1,
          142,
          null,
          2,
          null,
          1,
          null,
          1,
          null,
          1,
          null,
          0,
          null,
          137,
          null,
          null,
          null
        ],
        "branches": {
          "[:unless, 0, 66, 8, 68, 11]": {
            "[:else, 1, 66, 8, 68, 11]": 5,
            "[:then, 2, 67, 10, 67, 29]": 3
          },
          "[:case, 3, 81, 6, 94, 9]": {
            "[:when, 4, 83, 8, 83, 17]": 2,
            "[:when, 5, 85, 8, 85, 18]": 1,
            "[:when, 6, 87, 8, 87, 17]": 1,
            "[:when, 7, 89, 8, 89, 17]": 1,
            "[:when, 8, 91, 8, 91, 15]": 0,
            "[:else, 9, 93, 8, 93, 16]": 137
          }
        }
      },
      "/Users/avi/Development/code/ActivePrompt-swarm/active_prompt/app/models/active_prompt/parameter.rb": {
        "lines": [
          1,
          1,
          1,
          null,
          null,
          1,
          null,
          1,
          null,
          1,
          null,
          null,
          1,
          1,
          null,
          1,
          1,
          338,
          null,
          1,
          null,
          null,
          1,
          0,
          null,
          0,
          null,
          0,
          null,
          0,
          null,
          0,
          null,
          0,
          null,
          0,
          null,
          0,
          null,
          0,
          null,
          0,
          null,
          null,
          null,
          null,
          1,
          0,
          null,
          0,
          0,
          null,
          null,
          0,
          null,
          0,
          0,
          null,
          null,
          0,
          0,
          null,
          null,
          0,
          0,
          null,
          null,
          0,
          0,
          null,
          null,
          0,
          0,
          null,
          null,
          null,
          0,
          null,
          null,
          null,
          1,
          null,
          0,
          null,
          null,
          null,
          null,
          null,
          0,
          null,
          0,
          0,
          0,
          0,
          null,
          0,
          null,
          0,
          null,
          0,
          null,
          0,
          0,
          null,
          0,
          0,
          null,
          0,
          0,
          0,
          0,
          null,
          null,
          0,
          null,
          0,
          null,
          null,
          1,
          null,
          1,
          0,
          0,
          null,
          null
        ],
        "branches": {
          "[:if, 0, 24, 6, 24, 56]": {
            "[:then, 1, 24, 6, 24, 26]": 0,
            "[:else, 2, 24, 6, 24, 56]": 0
          },
          "[:case, 3, 26, 6, 43, 9]": {
            "[:when, 4, 28, 8, 28, 18]": 0,
            "[:when, 5, 30, 8, 30, 18]": 0,
            "[:when, 6, 32, 8, 32, 50]": 0,
            "[:when, 7, 34, 8, 34, 45]": 0,
            "[:when, 8, 36, 8, 36, 41]": 0,
            "[:when, 9, 38, 8, 38, 71]": 0,
            "[:when, 10, 40, 8, 40, 65]": 0,
            "[:else, 11, 42, 8, 42, 18]": 0
          },
          "[:if, 12, 38, 8, 38, 71]": {
            "[:then, 13, 38, 29, 38, 34]": 0,
            "[:else, 14, 38, 37, 38, 71]": 0
          },
          "[:if, 15, 40, 8, 40, 55]": {
            "[:then, 16, 40, 30, 40, 47]": 0,
            "[:else, 17, 40, 50, 40, 55]": 0
          },
          "[:if, 18, 50, 6, 52, 9]": {
            "[:then, 19, 51, 8, 51, 39]": 0,
            "[:else, 20, 50, 6, 52, 9]": 0
          },
          "[:if, 21, 54, 6, 75, 9]": {
            "[:then, 22, 56, 8, 74, 11]": 0,
            "[:else, 23, 54, 6, 75, 9]": 0
          },
          "[:if, 24, 56, 8, 58, 11]": {
            "[:then, 25, 57, 10, 57, 91]": 0,
            "[:else, 26, 56, 8, 58, 11]": 0
          },
          "[:if, 27, 60, 8, 62, 11]": {
            "[:then, 28, 61, 10, 61, 90]": 0,
            "[:else, 29, 60, 8, 62, 11]": 0
          },
          "[:if, 30, 64, 8, 66, 11]": {
            "[:then, 31, 65, 10, 65, 80]": 0,
            "[:else, 32, 64, 8, 66, 11]": 0
          },
          "[:if, 33, 68, 8, 70, 11]": {
            "[:then, 34, 69, 10, 69, 73]": 0,
            "[:else, 35, 68, 8, 70, 11]": 0
          },
          "[:if, 36, 72, 8, 74, 11]": {
            "[:then, 37, 73, 10, 73, 72]": 0,
            "[:else, 38, 72, 8, 74, 11]": 0
          },
          "[:case, 39, 89, 6, 112, 9]": {
            "[:when, 40, 91, 8, 94, 79]": 0,
            "[:when, 41, 96, 8, 96, 35]": 0,
            "[:when, 42, 98, 8, 98, 41]": 0,
            "[:when, 43, 100, 8, 100, 31]": 0,
            "[:when, 44, 102, 8, 103, 66]": 0,
            "[:when, 45, 105, 8, 106, 55]": 0,
            "[:else, 46, 108, 8, 111, 91]": 0
          },
          "[:if, 47, 92, 25, 92, 67]": {
            "[:then, 48, 92, 55, 92, 61]": 0,
            "[:else, 49, 92, 64, 92, 67]": 0
          },
          "[:\"&.\", 50, 93, 51, 93, 79]": {
            "[:then, 51, 93, 51, 93, 79]": 0,
            "[:else, 52, 93, 51, 93, 79]": 0
          },
          "[:if, 53, 93, 8, 93, 79]": {
            "[:then, 54, 93, 8, 93, 47]": 0,
            "[:else, 55, 93, 8, 93, 79]": 0
          },
          "[:\"&.\", 56, 94, 51, 94, 79]": {
            "[:then, 57, 94, 51, 94, 79]": 0,
            "[:else, 58, 94, 51, 94, 79]": 0
          },
          "[:if, 59, 94, 8, 94, 79]": {
            "[:then, 60, 94, 8, 94, 47]": 0,
            "[:else, 61, 94, 8, 94, 79]": 0
          },
          "[:\"&.\", 62, 109, 64, 109, 99]": {
            "[:then, 63, 109, 64, 109, 99]": 0,
            "[:else, 64, 109, 64, 109, 99]": 0
          },
          "[:if, 65, 109, 8, 109, 99]": {
            "[:then, 66, 109, 8, 109, 60]": 0,
            "[:else, 67, 109, 8, 109, 99]": 0
          },
          "[:\"&.\", 68, 110, 64, 110, 99]": {
            "[:then, 69, 110, 64, 110, 99]": 0,
            "[:else, 70, 110, 64, 110, 99]": 0
          },
          "[:if, 71, 110, 8, 110, 99]": {
            "[:then, 72, 110, 8, 110, 60]": 0,
            "[:else, 73, 110, 8, 110, 99]": 0
          },
          "[:\"&.\", 74, 111, 59, 111, 91]": {
            "[:then, 75, 111, 59, 111, 91]": 0,
            "[:else, 76, 111, 59, 111, 91]": 0
          },
          "[:if, 77, 111, 8, 111, 91]": {
            "[:then, 78, 111, 8, 111, 55]": 0,
            "[:else, 79, 111, 8, 111, 91]": 0
          },
          "[:if, 80, 114, 6, 114, 63]": {
            "[:then, 81, 114, 6, 114, 37]": 0,
            "[:else, 82, 114, 6, 114, 63]": 0
          },
          "[:if, 83, 123, 6, 123, 43]": {
            "[:then, 84, 123, 6, 123, 26]": 0,
            "[:else, 85, 123, 6, 123, 43]": 0
          }
        }
      },
      "/Users/avi/Development/code/ActivePrompt-swarm/active_prompt/app/controllers/active_prompt/prompts_controller.rb": {
        "lines": [
          1,
          1,
          1,
          1,
          null,
          1,
          14,
          null,
          null,
          1,
          null,
          null,
          1,
          8,
          null,
          null,
          1,
          12,
          null,
          12,
          7,
          null,
          5,
          null,
          null,
          null,
          1,
          null,
          null,
          1,
          15,
          8,
          null,
          7,
          null,
          null,
          null,
          1,
          4,
          4,
          null,
          null,
          1,
          null,
          1,
          46,
          null,
          null,
          1,
          27,
          null,
          null,
          null
        ],
        "branches": {
          "[:if, 0, 20, 8, 24, 11]": {
            "[:then, 1, 21, 10, 21, 86]": 7,
            "[:else, 2, 23, 10, 23, 52]": 5
          },
          "[:if, 3, 31, 8, 35, 11]": {
            "[:then, 4, 32, 10, 32, 86]": 8,
            "[:else, 5, 34, 10, 34, 53]": 7
          }
        }
      },
      "/Users/avi/Development/code/ActivePrompt-swarm/active_prompt/app/controllers/active_prompt/application_controller.rb": {
        "lines": [
          1,
          1,
          null,
          null
        ],
        "branches": {}
      },
      "/Users/avi/Development/code/ActivePrompt-swarm/active_prompt/app/helpers/active_prompt/application_helper.rb": {
        "lines": [
          1,
          1,
          null,
          null
        ],
        "branches": {}
      },
      "/Users/avi/Development/code/ActivePrompt-swarm/active_prompt/app/controllers/active_prompt/versions_controller.rb": {
        "lines": [
          1,
          1,
          1,
          null,
          1,
          1,
          1,
          null,
          1,
          21,
          null,
          null,
          1,
          null,
          null,
          1,
          11,
          10,
          null,
          1,
          null,
          null,
          null,
          1,
          null,
          8,
          8,
          null,
          null,
          null,
          null,
          null,
          null,
          null,
          6,
          null,
          2,
          null,
          null,
          null,
          1,
          null,
          1,
          53,
          null,
          null,
          1,
          20,
          null,
          null,
          1,
          11,
          4,
          4,
          7,
          7,
          7,
          7,
          null,
          null,
          null,
          1,
          null,
          10,
          null,
          null,
          null,
          null,
          null,
          null,
          null,
          null,
          null,
          null,
          null,
          null,
          null,
          null,
          null,
          null,
          null,
          null,
          null,
          null,
          null,
          null,
          null,
          null,
          null,
          null,
          null
        ],
        "branches": {
          "[:if, 0, 17, 6, 21, 9]": {
            "[:then, 1, 18, 8, 18, 60]": 10,
            "[:else, 2, 20, 8, 20, 97]": 1
          },
          "[:if, 3, 52, 6, 59, 9]": {
            "[:then, 4, 53, 8, 54, 72]": 4,
            "[:else, 5, 55, 6, 59, 9]": 7
          },
          "[:if, 6, 55, 6, 59, 9]": {
            "[:then, 7, 56, 8, 58, 33]": 7,
            "[:else, 8, 55, 6, 59, 9]": 0
          }
        }
      },
      "/Users/avi/Development/code/ActivePrompt-swarm/active_prompt/app/controllers/active_prompt/admin/base_controller.rb": {
        "lines": [
          0,
          0,
          0,
          0,
          0,
          0,
          0
        ],
        "branches": {}
      },
      "/Users/avi/Development/code/ActivePrompt-swarm/active_prompt/app/controllers/active_prompt/playground_controller.rb": {
        "lines": [
          0,
          0,
          0,
          0,
          null,
          0,
          0,
          0,
          null,
          0,
          0,
          0,
          0,
          0,
          0,
          0,
          null,
          0,
          0,
          0,
          0,
          0,
          0,
          0,
          null,
          null,
          0,
          0,
          0,
          0,
          0,
          null,
          0,
          0,
          null,
          0,
          null,
          0,
          0,
          0,
          0,
          0
        ],
        "branches": {}
      },
      "/Users/avi/Development/code/ActivePrompt-swarm/active_prompt/app/jobs/active_prompt/application_job.rb": {
        "lines": [
          0,
          0,
          0,
          0
        ],
        "branches": {}
      },
      "/Users/avi/Development/code/ActivePrompt-swarm/active_prompt/app/mailers/active_prompt/application_mailer.rb": {
        "lines": [
          0,
          0,
          0,
          0,
          0,
          0
        ],
        "branches": {}
      },
      "/Users/avi/Development/code/ActivePrompt-swarm/active_prompt/app/models/active_prompt/parameter_parser.rb": {
        "lines": [
          0,
          0,
          0,
          null,
          0,
          0,
          0,
          null,
          0,
          0,
          null,
          0,
          null,
          0,
          0,
          0,
          0,
          0,
          0,
          0,
          0,
          null,
          0,
          0,
          null,
          0,
          0,
          0,
          null,
          0,
          0,
          null,
          0,
          0,
          0,
          0,
          0
        ],
        "branches": {}
      },
      "/Users/avi/Development/code/ActivePrompt-swarm/active_prompt/app/services/active_prompt/playground_executor.rb": {
        "lines": [
          0,
          0,
          0,
          null,
          0,
          0,
          0,
          0,
          null,
          0,
          0,
          0,
          0,
          0,
          0,
          null,
          0,
          0,
          null,
          0,
          null,
          null,
          0,
          0,
          null,
          null,
          0,
          null,
          null,
          0,
          null,
          null,
          0,
          0,
          0,
          null,
          null,
          0,
          0,
          0,
          null,
          null,
          null,
          0,
          null,
          0,
          null,
          null,
          0,
          0,
          0,
          0,
          0,
          0,
          0,
          null,
          null,
          0,
          0,
          0,
          0,
          0,
          null,
          0,
          0,
          0,
          0,
          0,
          0,
          0,
          0,
          0,
          0,
          null,
          0,
          null,
          0,
          0,
          0,
          0,
          0,
          null,
          0,
          0,
          null,
          0,
          0,
          0,
          0,
          0,
          0,
          0,
          0,
          0,
          null,
          0,
          0,
          0,
          0,
          0,
          0,
          0,
          0,
          0,
          0,
          0,
          0,
          0,
          0
        ],
        "branches": {}
      }
    },
    "timestamp": 1753365756
  }
}
